[debug] [2025-06-22T22:59:55.682Z] ----------------------------------------------------------------------
[debug] [2025-06-22T22:59:55.686Z] Command:       /nix/store/rbdrkcs5kkwpalxcd7c6bnm33lk2955n-nodejs-20.19.0/bin/node /nix/store/nh3zwzkz6wh6qa7bd2ywzr7irjij7j1i-firebase-tools-14.3.1/lib/node_modules/firebase-tools/lib/bin/firebase.js init hosting
[debug] [2025-06-22T22:59:55.687Z] CLI Version:   14.3.1
[debug] [2025-06-22T22:59:55.688Z] Platform:      linux
[debug] [2025-06-22T22:59:55.688Z] Node Version:  v20.19.0
[debug] [2025-06-22T22:59:55.688Z] Time:          Sun Jun 22 2025 22:59:55 GMT+0000 (Coordinated Universal Time)
[debug] [2025-06-22T22:59:55.689Z] ----------------------------------------------------------------------
[debug] 
[debug] [2025-06-22T22:59:55.700Z] > command requires scopes: ["email","openid","https://www.googleapis.com/auth/cloudplatformprojects.readonly","https://www.googleapis.com/auth/firebase","https://www.googleapis.com/auth/cloud-platform"]
[debug] [2025-06-22T22:59:55.701Z] > authorizing via signed-in user (kaylaj8310@gmail.com)
[info] 
     ######## #### ########  ######## ########     ###     ######  ########
     ##        ##  ##     ## ##       ##     ##  ##   ##  ##       ##
     ######    ##  ########  ######   ########  #########  ######  ######
     ##        ##  ##    ##  ##       ##     ## ##     ##       ## ##
     ##       #### ##     ## ######## ########  ##     ##  ######  ########

You're about to initialize a Firebase project in this directory:

  /home/user/studio

[info] 
=== Project Setup
[info] 
[info] First, let's associate this project directory with a Firebase project.
[info] You can create multiple project aliases by running firebase use --add, 
[info] but for now we'll just set up a default project.
[info] 
